<?xml version="1.0" encoding="UTF-8"?>
<testsuite name="springboot.controller.BlogApiControllerTest" tests="5" skipped="0" failures="0" errors="0" timestamp="2023-06-15T12:16:30" hostname="Chanyounui-MacBookPro.local" time="0.185">
  <properties/>
  <testcase name="deleteArticle: 아티클 삭제에 성공한다." classname="springboot.controller.BlogApiControllerTest" time="0.084"/>
  <testcase name="findArticle: 아티클 단건 조회에 성공한다." classname="springboot.controller.BlogApiControllerTest" time="0.031"/>
  <testcase name="findAllArticles: 아티클 목록 조회에 성공한다." classname="springboot.controller.BlogApiControllerTest" time="0.008"/>
  <testcase name="addArticle: 아티클 추가에 성공한다." classname="springboot.controller.BlogApiControllerTest" time="0.048"/>
  <testcase name="updateArticle: 아티클 수정에 성공한다." classname="springboot.controller.BlogApiControllerTest" time="0.011"/>
  <system-out><![CDATA[2023-06-15T21:16:29.720+09:00  INFO 1847 --- [    Test worker] t.c.s.AnnotationConfigContextLoaderUtils : Could not detect default configuration classes for test class [springboot.controller.BlogApiControllerTest]: BlogApiControllerTest does not declare any static, non-private, non-final, nested classes annotated with @Configuration.
2023-06-15T21:16:29.726+09:00  INFO 1847 --- [    Test worker] .b.t.c.SpringBootTestContextBootstrapper : Found @SpringBootConfiguration springboot.SpringBootDeveloperApplication for test class springboot.controller.BlogApiControllerTest

  .   ____          _            __ _ _
 /\\ / ___'_ __ _ _(_)_ __  __ _ \ \ \ \
( ( )\___ | '_ | '_| | '_ \/ _` | \ \ \ \
 \\/  ___)| |_)| | | | | || (_| |  ) ) ) )
  '  |____| .__|_| |_|_| |_\__, | / / / /
 =========|_|==============|___/=/_/_/_/
 :: Spring Boot ::                (v3.0.2)

2023-06-15T21:16:29.737+09:00  INFO 1847 --- [    Test worker] s.controller.BlogApiControllerTest       : Starting BlogApiControllerTest using Java 17.0.7 with PID 1847 (started by chanyounkim in /Users/chanyounkim/프로그래밍/책/스프링 부트3 백엔드 개발자 되기/code/basic-spring-boot)
2023-06-15T21:16:29.737+09:00  INFO 1847 --- [    Test worker] s.controller.BlogApiControllerTest       : No active profile set, falling back to 1 default profile: "default"
2023-06-15T21:16:29.809+09:00  INFO 1847 --- [    Test worker] .s.d.r.c.RepositoryConfigurationDelegate : Bootstrapping Spring Data JPA repositories in DEFAULT mode.
2023-06-15T21:16:29.818+09:00  INFO 1847 --- [    Test worker] .s.d.r.c.RepositoryConfigurationDelegate : Finished Spring Data repository scanning in 9 ms. Found 3 JPA repository interfaces.
2023-06-15T21:16:29.857+09:00  INFO 1847 --- [    Test worker] com.zaxxer.hikari.HikariDataSource       : HikariPool-2 - Starting...
2023-06-15T21:16:29.857+09:00  INFO 1847 --- [    Test worker] com.zaxxer.hikari.pool.HikariPool        : HikariPool-2 - Added connection conn10: url=jdbc:h2:mem:testdb user=SA
2023-06-15T21:16:29.857+09:00  INFO 1847 --- [    Test worker] com.zaxxer.hikari.HikariDataSource       : HikariPool-2 - Start completed.
2023-06-15T21:16:29.858+09:00  INFO 1847 --- [    Test worker] o.hibernate.jpa.internal.util.LogHelper  : HHH000204: Processing PersistenceUnitInfo [name: default]
2023-06-15T21:16:29.860+09:00  WARN 1847 --- [    Test worker] org.hibernate.orm.deprecation            : HHH90000021: Encountered deprecated setting [javax.persistence.sharedCache.mode], use [jakarta.persistence.sharedCache.mode] instead
2023-06-15T21:16:29.861+09:00  INFO 1847 --- [    Test worker] SQL dialect                              : HHH000400: Using dialect: org.hibernate.dialect.H2Dialect
Hibernate: 
    
    drop table if exists article cascade 
Hibernate: 
    
    drop table if exists refresh_token cascade 
Hibernate: 
    
    drop table if exists users cascade 
Hibernate: 
    
    create table article (
       id bigint generated by default as identity,
        author varchar(255) not null,
        content varchar(255) not null,
        created_at timestamp(6),
        title varchar(255) not null,
        updated_at timestamp(6),
        primary key (id)
    )
Hibernate: 
    
    create table refresh_token (
       id bigint generated by default as identity,
        refresh_token varchar(255) not null,
        user_id bigint not null,
        primary key (id)
    )
Hibernate: 
    
    create table users (
       id bigint generated by default as identity,
        email varchar(255) not null,
        nickname varchar(255),
        password varchar(255),
        primary key (id)
    )
Hibernate: 
    
    alter table if exists refresh_token 
       add constraint UK_f95ixxe7pa48ryn1awmh2evt7 unique (user_id)
Hibernate: 
    
    alter table if exists users 
       add constraint UK_6dotkott2kjsp8vw4d0m25fb7 unique (email)
Hibernate: 
    
    alter table if exists users 
       add constraint UK_2ty1xmrrgtn89xt7kyxx6ta7h unique (nickname)
2023-06-15T21:16:29.887+09:00  INFO 1847 --- [    Test worker] o.h.e.t.j.p.i.JtaPlatformInitiator       : HHH000490: Using JtaPlatform implementation: [org.hibernate.engine.transaction.jta.platform.internal.NoJtaPlatform]
2023-06-15T21:16:29.887+09:00  INFO 1847 --- [    Test worker] j.LocalContainerEntityManagerFactoryBean : Initialized JPA EntityManagerFactory for persistence unit 'default'
2023-06-15T21:16:29.927+09:00  WARN 1847 --- [    Test worker] JpaBaseConfiguration$JpaWebConfiguration : spring.jpa.open-in-view is enabled by default. Therefore, database queries may be performed during view rendering. Explicitly configure spring.jpa.open-in-view to disable this warning
2023-06-15T21:16:29.969+09:00  INFO 1847 --- [    Test worker] o.s.s.web.DefaultSecurityFilterChain     : Will secure any request with [org.springframework.security.web.session.DisableEncodeUrlFilter@67c2ff5d, org.springframework.security.web.context.request.async.WebAsyncManagerIntegrationFilter@29e8c09c, org.springframework.security.web.context.SecurityContextHolderFilter@138d85f8, org.springframework.security.web.header.HeaderWriterFilter@7789719e, org.springframework.security.web.authentication.logout.LogoutFilter@3b5f72fa, org.springframework.security.oauth2.client.web.OAuth2AuthorizationRequestRedirectFilter@17596317, org.springframework.security.oauth2.client.web.OAuth2LoginAuthenticationFilter@375f276e, springboot.config.TokenAuthenticationFilter@5e8633da, org.springframework.security.web.savedrequest.RequestCacheAwareFilter@3edb09b9, org.springframework.security.web.servletapi.SecurityContextHolderAwareRequestFilter@2e29a7d, org.springframework.security.web.authentication.AnonymousAuthenticationFilter@5d8de155, org.springframework.security.web.session.SessionManagementFilter@5fbb2e1c, org.springframework.security.web.access.ExceptionTranslationFilter@27115d45, org.springframework.security.web.access.intercept.FilterSecurityInterceptor@1b513ce8]
2023-06-15T21:16:29.990+09:00  INFO 1847 --- [    Test worker] o.s.b.a.h2.H2ConsoleAutoConfiguration    : H2 console available at '/h2-console'. Database available at 'jdbc:h2:mem:testdb'
2023-06-15T21:16:29.996+09:00  WARN 1847 --- [    Test worker] o.s.s.c.a.web.builders.WebSecurity       : You are asking Spring Security to ignore org.springframework.boot.autoconfigure.security.servlet.PathRequest$H2ConsoleRequestMatcher@42014a. This is not recommended -- please use permitAll via HttpSecurity#authorizeHttpRequests instead.
2023-06-15T21:16:29.997+09:00  INFO 1847 --- [    Test worker] o.s.s.web.DefaultSecurityFilterChain     : Will not secure org.springframework.boot.autoconfigure.security.servlet.PathRequest$H2ConsoleRequestMatcher@42014a
2023-06-15T21:16:29.997+09:00  WARN 1847 --- [    Test worker] o.s.s.c.a.web.builders.WebSecurity       : You are asking Spring Security to ignore Mvc [pattern='/img/**']. This is not recommended -- please use permitAll via HttpSecurity#authorizeHttpRequests instead.
2023-06-15T21:16:29.997+09:00  INFO 1847 --- [    Test worker] o.s.s.web.DefaultSecurityFilterChain     : Will not secure Mvc [pattern='/img/**']
2023-06-15T21:16:29.997+09:00  WARN 1847 --- [    Test worker] o.s.s.c.a.web.builders.WebSecurity       : You are asking Spring Security to ignore Mvc [pattern='/css/**']. This is not recommended -- please use permitAll via HttpSecurity#authorizeHttpRequests instead.
2023-06-15T21:16:29.997+09:00  INFO 1847 --- [    Test worker] o.s.s.web.DefaultSecurityFilterChain     : Will not secure Mvc [pattern='/css/**']
2023-06-15T21:16:29.997+09:00  WARN 1847 --- [    Test worker] o.s.s.c.a.web.builders.WebSecurity       : You are asking Spring Security to ignore Mvc [pattern='/js/**']. This is not recommended -- please use permitAll via HttpSecurity#authorizeHttpRequests instead.
2023-06-15T21:16:29.997+09:00  INFO 1847 --- [    Test worker] o.s.s.web.DefaultSecurityFilterChain     : Will not secure Mvc [pattern='/js/**']
2023-06-15T21:16:30.013+09:00  INFO 1847 --- [    Test worker] o.s.b.t.m.w.SpringBootMockServletContext : Initializing Spring TestDispatcherServlet ''
2023-06-15T21:16:30.013+09:00  INFO 1847 --- [    Test worker] o.s.t.web.servlet.TestDispatcherServlet  : Initializing Servlet ''
2023-06-15T21:16:30.014+09:00  INFO 1847 --- [    Test worker] o.s.t.web.servlet.TestDispatcherServlet  : Completed initialization in 1 ms
2023-06-15T21:16:30.018+09:00  INFO 1847 --- [    Test worker] s.controller.BlogApiControllerTest       : Started BlogApiControllerTest in 0.29 seconds (process running for 2.596)
2023-06-15T21:16:30.021+09:00  INFO 1847 --- [    Test worker] o.s.b.t.m.w.SpringBootMockServletContext : Initializing Spring TestDispatcherServlet ''
2023-06-15T21:16:30.021+09:00  INFO 1847 --- [    Test worker] o.s.t.web.servlet.TestDispatcherServlet  : Initializing Servlet ''
2023-06-15T21:16:30.021+09:00  INFO 1847 --- [    Test worker] o.s.t.web.servlet.TestDispatcherServlet  : Completed initialization in 0 ms
Hibernate: 
    select
        a1_0.id,
        a1_0.author,
        a1_0.content,
        a1_0.created_at,
        a1_0.title,
        a1_0.updated_at 
    from
        article a1_0
Hibernate: 
    delete 
    from
        article 
    where
        id=?
Hibernate: 
    delete 
    from
        article 
    where
        id=?
Hibernate: 
    delete 
    from
        article 
    where
        id=?
Hibernate: 
    select
        u1_0.id,
        u1_0.email,
        u1_0.nickname,
        u1_0.password 
    from
        users u1_0
Hibernate: 
    insert 
    into
        users
        (id, email, nickname, password) 
    values
        (default, ?, ?, ?)
Hibernate: 
    insert 
    into
        article
        (id, author, content, created_at, title, updated_at) 
    values
        (default, ?, ?, ?, ?, ?)
Hibernate: 
    select
        a1_0.id,
        a1_0.author,
        a1_0.content,
        a1_0.created_at,
        a1_0.title,
        a1_0.updated_at 
    from
        article a1_0 
    where
        a1_0.id=?
Hibernate: 
    delete 
    from
        article 
    where
        id=?
Hibernate: 
    select
        a1_0.id,
        a1_0.author,
        a1_0.content,
        a1_0.created_at,
        a1_0.title,
        a1_0.updated_at 
    from
        article a1_0
2023-06-15T21:16:30.105+09:00  INFO 1847 --- [    Test worker] o.s.b.t.m.w.SpringBootMockServletContext : Initializing Spring TestDispatcherServlet ''
2023-06-15T21:16:30.105+09:00  INFO 1847 --- [    Test worker] o.s.t.web.servlet.TestDispatcherServlet  : Initializing Servlet ''
2023-06-15T21:16:30.105+09:00  INFO 1847 --- [    Test worker] o.s.t.web.servlet.TestDispatcherServlet  : Completed initialization in 0 ms
Hibernate: 
    select
        a1_0.id,
        a1_0.author,
        a1_0.content,
        a1_0.created_at,
        a1_0.title,
        a1_0.updated_at 
    from
        article a1_0
Hibernate: 
    select
        u1_0.id,
        u1_0.email,
        u1_0.nickname,
        u1_0.password 
    from
        users u1_0
Hibernate: 
    delete 
    from
        users 
    where
        id=?
Hibernate: 
    insert 
    into
        users
        (id, email, nickname, password) 
    values
        (default, ?, ?, ?)
Hibernate: 
    insert 
    into
        article
        (id, author, content, created_at, title, updated_at) 
    values
        (default, ?, ?, ?, ?, ?)
Hibernate: 
    select
        a1_0.id,
        a1_0.author,
        a1_0.content,
        a1_0.created_at,
        a1_0.title,
        a1_0.updated_at 
    from
        article a1_0 
    where
        a1_0.id=?
2023-06-15T21:16:30.137+09:00  INFO 1847 --- [    Test worker] o.s.b.t.m.w.SpringBootMockServletContext : Initializing Spring TestDispatcherServlet ''
2023-06-15T21:16:30.137+09:00  INFO 1847 --- [    Test worker] o.s.t.web.servlet.TestDispatcherServlet  : Initializing Servlet ''
2023-06-15T21:16:30.137+09:00  INFO 1847 --- [    Test worker] o.s.t.web.servlet.TestDispatcherServlet  : Completed initialization in 0 ms
Hibernate: 
    select
        a1_0.id,
        a1_0.author,
        a1_0.content,
        a1_0.created_at,
        a1_0.title,
        a1_0.updated_at 
    from
        article a1_0
Hibernate: 
    delete 
    from
        article 
    where
        id=?
Hibernate: 
    select
        u1_0.id,
        u1_0.email,
        u1_0.nickname,
        u1_0.password 
    from
        users u1_0
Hibernate: 
    delete 
    from
        users 
    where
        id=?
Hibernate: 
    insert 
    into
        users
        (id, email, nickname, password) 
    values
        (default, ?, ?, ?)
Hibernate: 
    insert 
    into
        article
        (id, author, content, created_at, title, updated_at) 
    values
        (default, ?, ?, ?, ?, ?)
Hibernate: 
    select
        a1_0.id,
        a1_0.author,
        a1_0.content,
        a1_0.created_at,
        a1_0.title,
        a1_0.updated_at 
    from
        article a1_0
2023-06-15T21:16:30.146+09:00  INFO 1847 --- [    Test worker] o.s.b.t.m.w.SpringBootMockServletContext : Initializing Spring TestDispatcherServlet ''
2023-06-15T21:16:30.146+09:00  INFO 1847 --- [    Test worker] o.s.t.web.servlet.TestDispatcherServlet  : Initializing Servlet ''
2023-06-15T21:16:30.146+09:00  INFO 1847 --- [    Test worker] o.s.t.web.servlet.TestDispatcherServlet  : Completed initialization in 0 ms
Hibernate: 
    select
        a1_0.id,
        a1_0.author,
        a1_0.content,
        a1_0.created_at,
        a1_0.title,
        a1_0.updated_at 
    from
        article a1_0
Hibernate: 
    delete 
    from
        article 
    where
        id=?
Hibernate: 
    select
        u1_0.id,
        u1_0.email,
        u1_0.nickname,
        u1_0.password 
    from
        users u1_0
Hibernate: 
    delete 
    from
        users 
    where
        id=?
Hibernate: 
    insert 
    into
        users
        (id, email, nickname, password) 
    values
        (default, ?, ?, ?)
Hibernate: 
    insert 
    into
        article
        (id, author, content, created_at, title, updated_at) 
    values
        (default, ?, ?, ?, ?, ?)
Hibernate: 
    select
        a1_0.id,
        a1_0.author,
        a1_0.content,
        a1_0.created_at,
        a1_0.title,
        a1_0.updated_at 
    from
        article a1_0
2023-06-15T21:16:30.194+09:00  INFO 1847 --- [    Test worker] o.s.b.t.m.w.SpringBootMockServletContext : Initializing Spring TestDispatcherServlet ''
2023-06-15T21:16:30.194+09:00  INFO 1847 --- [    Test worker] o.s.t.web.servlet.TestDispatcherServlet  : Initializing Servlet ''
2023-06-15T21:16:30.195+09:00  INFO 1847 --- [    Test worker] o.s.t.web.servlet.TestDispatcherServlet  : Completed initialization in 1 ms
Hibernate: 
    select
        a1_0.id,
        a1_0.author,
        a1_0.content,
        a1_0.created_at,
        a1_0.title,
        a1_0.updated_at 
    from
        article a1_0
Hibernate: 
    delete 
    from
        article 
    where
        id=?
Hibernate: 
    select
        u1_0.id,
        u1_0.email,
        u1_0.nickname,
        u1_0.password 
    from
        users u1_0
Hibernate: 
    delete 
    from
        users 
    where
        id=?
Hibernate: 
    insert 
    into
        users
        (id, email, nickname, password) 
    values
        (default, ?, ?, ?)
Hibernate: 
    insert 
    into
        article
        (id, author, content, created_at, title, updated_at) 
    values
        (default, ?, ?, ?, ?, ?)
Hibernate: 
    select
        a1_0.id,
        a1_0.author,
        a1_0.content,
        a1_0.created_at,
        a1_0.title,
        a1_0.updated_at 
    from
        article a1_0 
    where
        a1_0.id=?
Hibernate: 
    update
        article 
    set
        author=?,
        content=?,
        created_at=?,
        title=?,
        updated_at=? 
    where
        id=?
Hibernate: 
    select
        a1_0.id,
        a1_0.author,
        a1_0.content,
        a1_0.created_at,
        a1_0.title,
        a1_0.updated_at 
    from
        article a1_0 
    where
        a1_0.id=?
]]></system-out>
  <system-err><![CDATA[]]></system-err>
</testsuite>
