<?xml version="1.0" encoding="UTF-8"?>
<testsuite name="springboot.controller.TokenApiControllerTest" tests="1" skipped="0" failures="0" errors="0" timestamp="2023-06-09T07:25:54" hostname="Chanyounui-MacBookPro.local" time="0.231">
  <properties/>
  <testcase name="createNewAccessToken: 새로운 액세스 토큰을 발급한다." classname="springboot.controller.TokenApiControllerTest" time="0.231"/>
  <system-out><![CDATA[16:25:51.889 [Test worker] DEBUG org.springframework.boot.test.context.SpringBootTestContextBootstrapper - Neither @ContextConfiguration nor @ContextHierarchy found for test class [TokenApiControllerTest]: using SpringBootContextLoader
16:25:51.892 [Test worker] DEBUG org.springframework.test.context.support.AbstractContextLoader - Could not detect default resource locations for test class [springboot.controller.TokenApiControllerTest]: no resource found for suffixes {-context.xml, Context.groovy}.
16:25:51.893 [Test worker] INFO org.springframework.test.context.support.AnnotationConfigContextLoaderUtils - Could not detect default configuration classes for test class [springboot.controller.TokenApiControllerTest]: TokenApiControllerTest does not declare any static, non-private, non-final, nested classes annotated with @Configuration.
16:25:51.912 [Test worker] DEBUG org.springframework.boot.test.context.SpringBootTestContextBootstrapper - Using ContextCustomizers for test class [TokenApiControllerTest]: [DisableObservabilityContextCustomizer, PropertyMappingContextCustomizer, Customizer, ImportsContextCustomizer, ExcludeFilterContextCustomizer, DuplicateJsonObjectContextCustomizer, MockitoContextCustomizer, TestRestTemplateContextCustomizer]
16:25:51.960 [Test worker] DEBUG org.springframework.context.annotation.ClassPathScanningCandidateComponentProvider - Identified candidate component class: file [/Users/chanyounkim/프로그래밍/책/스프링 부트3 백엔드 개발자 되기/code/basic-spring-boot/build/classes/java/main/springboot/SpringBootDeveloperApplication.class]
16:25:51.961 [Test worker] INFO org.springframework.boot.test.context.SpringBootTestContextBootstrapper - Found @SpringBootConfiguration springboot.SpringBootDeveloperApplication for test class springboot.controller.TokenApiControllerTest
16:25:52.016 [Test worker] DEBUG org.springframework.boot.test.context.SpringBootTestContextBootstrapper - Using TestExecutionListeners for test class [TokenApiControllerTest]: [ServletTestExecutionListener, DirtiesContextBeforeModesTestExecutionListener, ApplicationEventsTestExecutionListener, MockitoTestExecutionListener, DependencyInjectionTestExecutionListener, DirtiesContextTestExecutionListener, TransactionalTestExecutionListener, SqlScriptsTestExecutionListener, WithSecurityContextTestExecutionListener, EventPublishingTestExecutionListener, ReactorContextTestExecutionListener, RestDocsTestExecutionListener, MockRestServiceServerResetTestExecutionListener, MockMvcPrintOnlyOnFailureTestExecutionListener, WebDriverTestExecutionListener, MockWebServiceServerTestExecutionListener, ResetMocksTestExecutionListener]
16:25:52.017 [Test worker] DEBUG org.springframework.test.context.support.AbstractDirtiesContextTestExecutionListener - Before test class: class [TokenApiControllerTest], class annotated with @DirtiesContext [false] with mode [null]

  .   ____          _            __ _ _
 /\\ / ___'_ __ _ _(_)_ __  __ _ \ \ \ \
( ( )\___ | '_ | '_| | '_ \/ _` | \ \ \ \
 \\/  ___)| |_)| | | | | || (_| |  ) ) ) )
  '  |____| .__|_| |_|_| |_\__, | / / / /
 =========|_|==============|___/=/_/_/_/
 :: Spring Boot ::                (v3.0.2)

2023-06-09T16:25:52.216+09:00  INFO 1919 --- [    Test worker] s.controller.TokenApiControllerTest      : Starting TokenApiControllerTest using Java 17.0.7 with PID 1919 (started by chanyounkim in /Users/chanyounkim/프로그래밍/책/스프링 부트3 백엔드 개발자 되기/code/basic-spring-boot)
2023-06-09T16:25:52.217+09:00  INFO 1919 --- [    Test worker] s.controller.TokenApiControllerTest      : No active profile set, falling back to 1 default profile: "default"
2023-06-09T16:25:52.701+09:00  INFO 1919 --- [    Test worker] .s.d.r.c.RepositoryConfigurationDelegate : Bootstrapping Spring Data JPA repositories in DEFAULT mode.
2023-06-09T16:25:52.730+09:00  INFO 1919 --- [    Test worker] .s.d.r.c.RepositoryConfigurationDelegate : Finished Spring Data repository scanning in 26 ms. Found 3 JPA repository interfaces.
2023-06-09T16:25:52.937+09:00  INFO 1919 --- [    Test worker] com.zaxxer.hikari.HikariDataSource       : HikariPool-1 - Starting...
2023-06-09T16:25:53.026+09:00  INFO 1919 --- [    Test worker] com.zaxxer.hikari.pool.HikariPool        : HikariPool-1 - Added connection conn0: url=jdbc:h2:mem:testdb user=SA
2023-06-09T16:25:53.027+09:00  INFO 1919 --- [    Test worker] com.zaxxer.hikari.HikariDataSource       : HikariPool-1 - Start completed.
2023-06-09T16:25:53.052+09:00  INFO 1919 --- [    Test worker] o.hibernate.jpa.internal.util.LogHelper  : HHH000204: Processing PersistenceUnitInfo [name: default]
2023-06-09T16:25:53.079+09:00  INFO 1919 --- [    Test worker] org.hibernate.Version                    : HHH000412: Hibernate ORM core version 6.1.6.Final
2023-06-09T16:25:53.158+09:00  WARN 1919 --- [    Test worker] org.hibernate.orm.deprecation            : HHH90000021: Encountered deprecated setting [javax.persistence.sharedCache.mode], use [jakarta.persistence.sharedCache.mode] instead
2023-06-09T16:25:53.223+09:00  INFO 1919 --- [    Test worker] SQL dialect                              : HHH000400: Using dialect: org.hibernate.dialect.H2Dialect
Hibernate: 
    
    drop table if exists article cascade 
Hibernate: 
    
    drop table if exists refresh_token cascade 
Hibernate: 
    
    drop table if exists users cascade 
Hibernate: 
    
    create table article (
       id bigint generated by default as identity,
        content varchar(255) not null,
        created_at timestamp(6),
        title varchar(255) not null,
        updated_at timestamp(6),
        primary key (id)
    )
Hibernate: 
    
    create table refresh_token (
       id bigint generated by default as identity,
        refresh_token varchar(255) not null,
        user_id bigint not null,
        primary key (id)
    )
Hibernate: 
    
    create table users (
       id bigint generated by default as identity,
        email varchar(255) not null,
        password varchar(255),
        primary key (id)
    )
Hibernate: 
    
    alter table if exists refresh_token 
       add constraint UK_f95ixxe7pa48ryn1awmh2evt7 unique (user_id)
Hibernate: 
    
    alter table if exists users 
       add constraint UK_6dotkott2kjsp8vw4d0m25fb7 unique (email)
2023-06-09T16:25:53.586+09:00  INFO 1919 --- [    Test worker] o.h.e.t.j.p.i.JtaPlatformInitiator       : HHH000490: Using JtaPlatform implementation: [org.hibernate.engine.transaction.jta.platform.internal.NoJtaPlatform]
2023-06-09T16:25:53.591+09:00  INFO 1919 --- [    Test worker] j.LocalContainerEntityManagerFactoryBean : Initialized JPA EntityManagerFactory for persistence unit 'default'
2023-06-09T16:25:53.790+09:00  WARN 1919 --- [    Test worker] JpaBaseConfiguration$JpaWebConfiguration : spring.jpa.open-in-view is enabled by default. Therefore, database queries may be performed during view rendering. Explicitly configure spring.jpa.open-in-view to disable this warning
2023-06-09T16:25:53.972+09:00  INFO 1919 --- [    Test worker] o.s.s.web.DefaultSecurityFilterChain     : Will secure any request with [org.springframework.security.web.session.DisableEncodeUrlFilter@1ccce165, org.springframework.security.web.context.request.async.WebAsyncManagerIntegrationFilter@943cf5, org.springframework.security.web.context.SecurityContextHolderFilter@643a73fa, org.springframework.security.web.header.HeaderWriterFilter@49741e80, org.springframework.security.web.authentication.logout.LogoutFilter@7a79d99c, org.springframework.security.web.authentication.UsernamePasswordAuthenticationFilter@601e7c97, org.springframework.security.web.savedrequest.RequestCacheAwareFilter@2686a801, org.springframework.security.web.servletapi.SecurityContextHolderAwareRequestFilter@7878459f, org.springframework.security.web.authentication.AnonymousAuthenticationFilter@2926f7bd, org.springframework.security.web.access.ExceptionTranslationFilter@5003c114, org.springframework.security.web.access.intercept.FilterSecurityInterceptor@1f7b1d6a]
2023-06-09T16:25:54.095+09:00  INFO 1919 --- [    Test worker] o.s.b.a.h2.H2ConsoleAutoConfiguration    : H2 console available at '/h2-console'. Database available at 'jdbc:h2:mem:testdb'
2023-06-09T16:25:54.112+09:00  WARN 1919 --- [    Test worker] o.s.s.c.a.web.builders.WebSecurity       : You are asking Spring Security to ignore org.springframework.boot.autoconfigure.security.servlet.PathRequest$H2ConsoleRequestMatcher@d408c5d. This is not recommended -- please use permitAll via HttpSecurity#authorizeHttpRequests instead.
2023-06-09T16:25:54.112+09:00  INFO 1919 --- [    Test worker] o.s.s.web.DefaultSecurityFilterChain     : Will not secure org.springframework.boot.autoconfigure.security.servlet.PathRequest$H2ConsoleRequestMatcher@d408c5d
2023-06-09T16:25:54.112+09:00  WARN 1919 --- [    Test worker] o.s.s.c.a.web.builders.WebSecurity       : You are asking Spring Security to ignore Mvc [pattern='/static/**']. This is not recommended -- please use permitAll via HttpSecurity#authorizeHttpRequests instead.
2023-06-09T16:25:54.112+09:00  INFO 1919 --- [    Test worker] o.s.s.web.DefaultSecurityFilterChain     : Will not secure Mvc [pattern='/static/**']
2023-06-09T16:25:54.133+09:00  INFO 1919 --- [    Test worker] o.s.b.t.m.w.SpringBootMockServletContext : Initializing Spring TestDispatcherServlet ''
2023-06-09T16:25:54.133+09:00  INFO 1919 --- [    Test worker] o.s.t.web.servlet.TestDispatcherServlet  : Initializing Servlet ''
2023-06-09T16:25:54.134+09:00  INFO 1919 --- [    Test worker] o.s.t.web.servlet.TestDispatcherServlet  : Completed initialization in 0 ms
2023-06-09T16:25:54.147+09:00  INFO 1919 --- [    Test worker] s.controller.TokenApiControllerTest      : Started TokenApiControllerTest in 2.108 seconds (process running for 2.755)
2023-06-09T16:25:54.223+09:00  INFO 1919 --- [    Test worker] o.s.b.t.m.w.SpringBootMockServletContext : Initializing Spring TestDispatcherServlet ''
2023-06-09T16:25:54.223+09:00  INFO 1919 --- [    Test worker] o.s.t.web.servlet.TestDispatcherServlet  : Initializing Servlet ''
2023-06-09T16:25:54.223+09:00  INFO 1919 --- [    Test worker] o.s.t.web.servlet.TestDispatcherServlet  : Completed initialization in 0 ms
Hibernate: 
    select
        u1_0.id,
        u1_0.email,
        u1_0.password 
    from
        users u1_0
Hibernate: 
    insert 
    into
        users
        (id, email, password) 
    values
        (default, ?, ?)
Hibernate: 
    insert 
    into
        refresh_token
        (id, refresh_token, user_id) 
    values
        (default, ?, ?)
Hibernate: 
    select
        r1_0.id,
        r1_0.refresh_token,
        r1_0.user_id 
    from
        refresh_token r1_0 
    where
        r1_0.refresh_token=?
Hibernate: 
    select
        u1_0.id,
        u1_0.email,
        u1_0.password 
    from
        users u1_0 
    where
        u1_0.id=?
2023-06-09T16:25:54.380+09:00  INFO 1919 --- [    Test worker] s.controller.TokenApiControllerTest      : createNewAccessToken: org.springframework.test.web.servlet.MockMvc$1@5713e35f
]]></system-out>
  <system-err><![CDATA[]]></system-err>
</testsuite>
