<?xml version="1.0" encoding="UTF-8"?>
<testsuite name="springboot.config.jwt.TokenProviderTest" tests="5" skipped="0" failures="0" errors="0" timestamp="2023-06-15T12:16:29" hostname="Chanyounui-MacBookPro.local" time="0.156">
  <properties/>
  <testcase name="validToken(): 유효한 토큰인 경우에 유효성 검증에 성공한다." classname="springboot.config.jwt.TokenProviderTest" time="0.114"/>
  <testcase name="validToken(): 만료된 토큰인 경우에 유효성 검증에 실패한다." classname="springboot.config.jwt.TokenProviderTest" time="0.002"/>
  <testcase name="getAuthentication(): 토큰 기반으로 인증정보를 가져올 수 있다." classname="springboot.config.jwt.TokenProviderTest" time="0.004"/>
  <testcase name="getUserId(): 토큰으로 유저 ID를 가져올 수 있다." classname="springboot.config.jwt.TokenProviderTest" time="0.003"/>
  <testcase name="generateToken(): 유저 정보와 만료 기간을 전달해 토큰을 만들 수 있다." classname="springboot.config.jwt.TokenProviderTest" time="0.032"/>
  <system-out><![CDATA[21:16:27.758 [Test worker] DEBUG org.springframework.boot.test.context.SpringBootTestContextBootstrapper - Neither @ContextConfiguration nor @ContextHierarchy found for test class [TokenProviderTest]: using SpringBootContextLoader
21:16:27.762 [Test worker] DEBUG org.springframework.test.context.support.AbstractContextLoader - Could not detect default resource locations for test class [springboot.config.jwt.TokenProviderTest]: no resource found for suffixes {-context.xml, Context.groovy}.
21:16:27.763 [Test worker] INFO org.springframework.test.context.support.AnnotationConfigContextLoaderUtils - Could not detect default configuration classes for test class [springboot.config.jwt.TokenProviderTest]: TokenProviderTest does not declare any static, non-private, non-final, nested classes annotated with @Configuration.
21:16:27.772 [Test worker] DEBUG org.springframework.boot.test.context.SpringBootTestContextBootstrapper - Using ContextCustomizers for test class [TokenProviderTest]: [DisableObservabilityContextCustomizer, PropertyMappingContextCustomizer, Customizer, ExcludeFilterContextCustomizer, DuplicateJsonObjectContextCustomizer, MockitoContextCustomizer, TestRestTemplateContextCustomizer]
21:16:27.805 [Test worker] DEBUG org.springframework.context.annotation.ClassPathScanningCandidateComponentProvider - Identified candidate component class: file [/Users/chanyounkim/프로그래밍/책/스프링 부트3 백엔드 개발자 되기/code/basic-spring-boot/build/classes/java/main/springboot/SpringBootDeveloperApplication.class]
21:16:27.805 [Test worker] INFO org.springframework.boot.test.context.SpringBootTestContextBootstrapper - Found @SpringBootConfiguration springboot.SpringBootDeveloperApplication for test class springboot.config.jwt.TokenProviderTest
21:16:27.847 [Test worker] DEBUG org.springframework.boot.test.context.SpringBootTestContextBootstrapper - Using TestExecutionListeners for test class [TokenProviderTest]: [ServletTestExecutionListener, DirtiesContextBeforeModesTestExecutionListener, ApplicationEventsTestExecutionListener, MockitoTestExecutionListener, DependencyInjectionTestExecutionListener, DirtiesContextTestExecutionListener, TransactionalTestExecutionListener, SqlScriptsTestExecutionListener, WithSecurityContextTestExecutionListener, EventPublishingTestExecutionListener, ReactorContextTestExecutionListener, RestDocsTestExecutionListener, MockRestServiceServerResetTestExecutionListener, MockMvcPrintOnlyOnFailureTestExecutionListener, WebDriverTestExecutionListener, MockWebServiceServerTestExecutionListener, ResetMocksTestExecutionListener]
21:16:27.847 [Test worker] DEBUG org.springframework.test.context.support.AbstractDirtiesContextTestExecutionListener - Before test class: class [TokenProviderTest], class annotated with @DirtiesContext [false] with mode [null]

  .   ____          _            __ _ _
 /\\ / ___'_ __ _ _(_)_ __  __ _ \ \ \ \
( ( )\___ | '_ | '_| | '_ \/ _` | \ \ \ \
 \\/  ___)| |_)| | | | | || (_| |  ) ) ) )
  '  |____| .__|_| |_|_| |_\__, | / / / /
 =========|_|==============|___/=/_/_/_/
 :: Spring Boot ::                (v3.0.2)

2023-06-15T21:16:27.968+09:00  INFO 1847 --- [    Test worker] s.config.jwt.TokenProviderTest           : Starting TokenProviderTest using Java 17.0.7 with PID 1847 (started by chanyounkim in /Users/chanyounkim/프로그래밍/책/스프링 부트3 백엔드 개발자 되기/code/basic-spring-boot)
2023-06-15T21:16:27.969+09:00  INFO 1847 --- [    Test worker] s.config.jwt.TokenProviderTest           : No active profile set, falling back to 1 default profile: "default"
2023-06-15T21:16:28.224+09:00  INFO 1847 --- [    Test worker] .s.d.r.c.RepositoryConfigurationDelegate : Bootstrapping Spring Data JPA repositories in DEFAULT mode.
2023-06-15T21:16:28.250+09:00  INFO 1847 --- [    Test worker] .s.d.r.c.RepositoryConfigurationDelegate : Finished Spring Data repository scanning in 23 ms. Found 3 JPA repository interfaces.
2023-06-15T21:16:28.426+09:00  INFO 1847 --- [    Test worker] com.zaxxer.hikari.HikariDataSource       : HikariPool-1 - Starting...
2023-06-15T21:16:28.514+09:00  INFO 1847 --- [    Test worker] com.zaxxer.hikari.pool.HikariPool        : HikariPool-1 - Added connection conn0: url=jdbc:h2:mem:testdb user=SA
2023-06-15T21:16:28.515+09:00  INFO 1847 --- [    Test worker] com.zaxxer.hikari.HikariDataSource       : HikariPool-1 - Start completed.
2023-06-15T21:16:28.536+09:00  INFO 1847 --- [    Test worker] o.hibernate.jpa.internal.util.LogHelper  : HHH000204: Processing PersistenceUnitInfo [name: default]
2023-06-15T21:16:28.558+09:00  INFO 1847 --- [    Test worker] org.hibernate.Version                    : HHH000412: Hibernate ORM core version 6.1.6.Final
2023-06-15T21:16:28.626+09:00  WARN 1847 --- [    Test worker] org.hibernate.orm.deprecation            : HHH90000021: Encountered deprecated setting [javax.persistence.sharedCache.mode], use [jakarta.persistence.sharedCache.mode] instead
2023-06-15T21:16:28.687+09:00  INFO 1847 --- [    Test worker] SQL dialect                              : HHH000400: Using dialect: org.hibernate.dialect.H2Dialect
Hibernate: 
    
    drop table if exists article cascade 
Hibernate: 
    
    drop table if exists refresh_token cascade 
Hibernate: 
    
    drop table if exists users cascade 
Hibernate: 
    
    create table article (
       id bigint generated by default as identity,
        author varchar(255) not null,
        content varchar(255) not null,
        created_at timestamp(6),
        title varchar(255) not null,
        updated_at timestamp(6),
        primary key (id)
    )
Hibernate: 
    
    create table refresh_token (
       id bigint generated by default as identity,
        refresh_token varchar(255) not null,
        user_id bigint not null,
        primary key (id)
    )
Hibernate: 
    
    create table users (
       id bigint generated by default as identity,
        email varchar(255) not null,
        nickname varchar(255),
        password varchar(255),
        primary key (id)
    )
Hibernate: 
    
    alter table if exists refresh_token 
       add constraint UK_f95ixxe7pa48ryn1awmh2evt7 unique (user_id)
Hibernate: 
    
    alter table if exists users 
       add constraint UK_6dotkott2kjsp8vw4d0m25fb7 unique (email)
Hibernate: 
    
    alter table if exists users 
       add constraint UK_2ty1xmrrgtn89xt7kyxx6ta7h unique (nickname)
2023-06-15T21:16:29.008+09:00  INFO 1847 --- [    Test worker] o.h.e.t.j.p.i.JtaPlatformInitiator       : HHH000490: Using JtaPlatform implementation: [org.hibernate.engine.transaction.jta.platform.internal.NoJtaPlatform]
2023-06-15T21:16:29.012+09:00  INFO 1847 --- [    Test worker] j.LocalContainerEntityManagerFactoryBean : Initialized JPA EntityManagerFactory for persistence unit 'default'
2023-06-15T21:16:29.213+09:00  WARN 1847 --- [    Test worker] JpaBaseConfiguration$JpaWebConfiguration : spring.jpa.open-in-view is enabled by default. Therefore, database queries may be performed during view rendering. Explicitly configure spring.jpa.open-in-view to disable this warning
2023-06-15T21:16:29.401+09:00  INFO 1847 --- [    Test worker] o.s.s.web.DefaultSecurityFilterChain     : Will secure any request with [org.springframework.security.web.session.DisableEncodeUrlFilter@53dd29e0, org.springframework.security.web.context.request.async.WebAsyncManagerIntegrationFilter@3733b1f4, org.springframework.security.web.context.SecurityContextHolderFilter@38e88e13, org.springframework.security.web.header.HeaderWriterFilter@8de8b07, org.springframework.security.web.authentication.logout.LogoutFilter@2d093067, org.springframework.security.oauth2.client.web.OAuth2AuthorizationRequestRedirectFilter@4c1fed69, org.springframework.security.oauth2.client.web.OAuth2LoginAuthenticationFilter@629dfb5a, springboot.config.TokenAuthenticationFilter@2daf0cc9, org.springframework.security.web.savedrequest.RequestCacheAwareFilter@1fe37d27, org.springframework.security.web.servletapi.SecurityContextHolderAwareRequestFilter@1718de70, org.springframework.security.web.authentication.AnonymousAuthenticationFilter@70f0c352, org.springframework.security.web.session.SessionManagementFilter@3fc7abf6, org.springframework.security.web.access.ExceptionTranslationFilter@7ec75228, org.springframework.security.web.access.intercept.FilterSecurityInterceptor@34c2e03d]
2023-06-15T21:16:29.515+09:00  INFO 1847 --- [    Test worker] o.s.b.a.h2.H2ConsoleAutoConfiguration    : H2 console available at '/h2-console'. Database available at 'jdbc:h2:mem:testdb'
2023-06-15T21:16:29.533+09:00  WARN 1847 --- [    Test worker] o.s.s.c.a.web.builders.WebSecurity       : You are asking Spring Security to ignore org.springframework.boot.autoconfigure.security.servlet.PathRequest$H2ConsoleRequestMatcher@34dda1b4. This is not recommended -- please use permitAll via HttpSecurity#authorizeHttpRequests instead.
2023-06-15T21:16:29.533+09:00  INFO 1847 --- [    Test worker] o.s.s.web.DefaultSecurityFilterChain     : Will not secure org.springframework.boot.autoconfigure.security.servlet.PathRequest$H2ConsoleRequestMatcher@34dda1b4
2023-06-15T21:16:29.533+09:00  WARN 1847 --- [    Test worker] o.s.s.c.a.web.builders.WebSecurity       : You are asking Spring Security to ignore Mvc [pattern='/img/**']. This is not recommended -- please use permitAll via HttpSecurity#authorizeHttpRequests instead.
2023-06-15T21:16:29.533+09:00  INFO 1847 --- [    Test worker] o.s.s.web.DefaultSecurityFilterChain     : Will not secure Mvc [pattern='/img/**']
2023-06-15T21:16:29.533+09:00  WARN 1847 --- [    Test worker] o.s.s.c.a.web.builders.WebSecurity       : You are asking Spring Security to ignore Mvc [pattern='/css/**']. This is not recommended -- please use permitAll via HttpSecurity#authorizeHttpRequests instead.
2023-06-15T21:16:29.533+09:00  INFO 1847 --- [    Test worker] o.s.s.web.DefaultSecurityFilterChain     : Will not secure Mvc [pattern='/css/**']
2023-06-15T21:16:29.533+09:00  WARN 1847 --- [    Test worker] o.s.s.c.a.web.builders.WebSecurity       : You are asking Spring Security to ignore Mvc [pattern='/js/**']. This is not recommended -- please use permitAll via HttpSecurity#authorizeHttpRequests instead.
2023-06-15T21:16:29.533+09:00  INFO 1847 --- [    Test worker] o.s.s.web.DefaultSecurityFilterChain     : Will not secure Mvc [pattern='/js/**']
2023-06-15T21:16:29.555+09:00  INFO 1847 --- [    Test worker] s.config.jwt.TokenProviderTest           : Started TokenProviderTest in 1.691 seconds (process running for 2.133)
Hibernate: 
    insert 
    into
        users
        (id, email, nickname, password) 
    values
        (default, ?, ?, ?)
2023-06-15T21:16:29.716+09:00  INFO 1847 --- [    Test worker] s.config.jwt.TokenProviderTest           : token: eyJ0eXAiOiJKV1QiLCJhbGciOiJIUzI1NiJ9.eyJpc3MiOiJ0ZXN0QGdtYWlsLmNvbSIsImlhdCI6MTY4NjgzMTM4OSwiZXhwIjoxNjg4MDQwOTg5LCJzdWIiOiJ1c2VyQGdtYWlsLmNvbSIsImlkIjoxfQ.WcZsJ6acWoYIVYt9-yeEGfnlBIYRtbhHd3a7Xx5bjhs
2023-06-15T21:16:29.717+09:00  INFO 1847 --- [    Test worker] s.config.jwt.TokenProviderTest           : userId: 1
]]></system-out>
  <system-err><![CDATA[]]></system-err>
</testsuite>
